[0.594s] DEBUG:colcon:Command line arguments: ['/usr/bin/colcon', 'build', '--symlink-install', '--continue-on-error']
[0.594s] DEBUG:colcon:Parsed command line arguments: Namespace(log_base=None, log_level=None, verb_name='build', build_base='build', install_base='install', merge_install=False, symlink_install=True, test_result_base=None, continue_on_error=True, executor='parallel', parallel_workers=20, event_handlers=None, ignore_user_meta=False, metas=['./colcon.meta'], base_paths=['.'], packages_ignore=None, packages_ignore_regex=None, paths=None, packages_up_to=None, packages_up_to_regex=None, packages_above=None, packages_above_and_dependencies=None, packages_above_depth=None, packages_select_by_dep=None, packages_skip_by_dep=None, packages_skip_up_to=None, packages_select_build_failed=False, packages_skip_build_finished=False, packages_select_test_failures=False, packages_skip_test_passed=False, packages_select=None, packages_skip=None, packages_select_regex=None, packages_skip_regex=None, packages_start=None, packages_end=None, allow_overriding=[], cmake_args=None, cmake_target=None, cmake_target_skip_unavailable=False, cmake_clean_cache=False, cmake_clean_first=False, cmake_force_configure=False, ament_cmake_args=None, catkin_cmake_args=None, catkin_skip_building_tests=False, verb_parser=<colcon_defaults.argument_parser.defaults.DefaultArgumentsDecorator object at 0x7fcb3103cf10>, verb_extension=<colcon_core.verb.build.BuildVerb object at 0x7fcb31448400>, main=<bound method BuildVerb.main of <colcon_core.verb.build.BuildVerb object at 0x7fcb31448400>>)
[0.622s] Level 1:colcon.colcon_core.package_discovery:discover_packages(colcon_meta) check parameters
[0.622s] Level 1:colcon.colcon_core.package_discovery:discover_packages(recursive) check parameters
[0.622s] Level 1:colcon.colcon_core.package_discovery:discover_packages(ignore) check parameters
[0.622s] Level 1:colcon.colcon_core.package_discovery:discover_packages(path) check parameters
[0.622s] Level 1:colcon.colcon_core.package_discovery:discover_packages(colcon_meta) discover
[0.622s] Level 1:colcon.colcon_core.package_discovery:discover_packages(recursive) discover
[0.622s] INFO:colcon.colcon_core.package_discovery:Crawling recursively for packages in '/home/gino/projects/kuka_cell_ws/src/ros2_move_to'
[0.622s] Level 1:colcon.colcon_core.package_identification:_identify(.) by extensions ['ignore', 'ignore_ament_install']
[0.622s] Level 1:colcon.colcon_core.package_identification:_identify(.) by extension 'ignore'
[0.622s] Level 1:colcon.colcon_core.package_identification:_identify(.) by extension 'ignore_ament_install'
[0.622s] Level 1:colcon.colcon_core.package_identification:_identify(.) by extensions ['colcon_pkg']
[0.622s] Level 1:colcon.colcon_core.package_identification:_identify(.) by extension 'colcon_pkg'
[0.622s] Level 1:colcon.colcon_core.package_identification:_identify(.) by extensions ['colcon_meta']
[0.622s] Level 1:colcon.colcon_core.package_identification:_identify(.) by extension 'colcon_meta'
[0.622s] Level 1:colcon.colcon_core.package_identification:_identify(.) by extensions ['ros']
[0.623s] Level 1:colcon.colcon_core.package_identification:_identify(.) by extension 'ros'
[0.628s] Level 1:colcon.colcon_core.package_identification:_identify(.) by extensions ['cmake', 'python']
[0.628s] Level 1:colcon.colcon_core.package_identification:_identify(.) by extension 'cmake'
[0.628s] Level 1:colcon.colcon_core.package_identification:_identify(.) by extension 'python'
[0.628s] Level 1:colcon.colcon_core.package_identification:_identify(.) by extensions ['python_setup_py']
[0.628s] Level 1:colcon.colcon_core.package_identification:_identify(.) by extension 'python_setup_py'
[0.629s] Level 1:colcon.colcon_core.package_identification:_identify(build) by extensions ['ignore', 'ignore_ament_install']
[0.629s] Level 1:colcon.colcon_core.package_identification:_identify(build) by extension 'ignore'
[0.629s] Level 1:colcon.colcon_core.package_identification:_identify(build) ignored
[0.629s] Level 1:colcon.colcon_core.package_identification:_identify(install) by extensions ['ignore', 'ignore_ament_install']
[0.629s] Level 1:colcon.colcon_core.package_identification:_identify(install) by extension 'ignore'
[0.629s] Level 1:colcon.colcon_core.package_identification:_identify(install) ignored
[0.629s] Level 1:colcon.colcon_core.package_identification:_identify(log) by extensions ['ignore', 'ignore_ament_install']
[0.629s] Level 1:colcon.colcon_core.package_identification:_identify(log) by extension 'ignore'
[0.629s] Level 1:colcon.colcon_core.package_identification:_identify(log) ignored
[0.629s] Level 1:colcon.colcon_core.package_identification:_identify(trajectory_loader) by extensions ['ignore', 'ignore_ament_install']
[0.629s] Level 1:colcon.colcon_core.package_identification:_identify(trajectory_loader) by extension 'ignore'
[0.629s] Level 1:colcon.colcon_core.package_identification:_identify(trajectory_loader) by extension 'ignore_ament_install'
[0.629s] Level 1:colcon.colcon_core.package_identification:_identify(trajectory_loader) by extensions ['colcon_pkg']
[0.629s] Level 1:colcon.colcon_core.package_identification:_identify(trajectory_loader) by extension 'colcon_pkg'
[0.629s] Level 1:colcon.colcon_core.package_identification:_identify(trajectory_loader) by extensions ['colcon_meta']
[0.629s] Level 1:colcon.colcon_core.package_identification:_identify(trajectory_loader) by extension 'colcon_meta'
[0.629s] Level 1:colcon.colcon_core.package_identification:_identify(trajectory_loader) by extensions ['ros']
[0.629s] Level 1:colcon.colcon_core.package_identification:_identify(trajectory_loader) by extension 'ros'
[0.631s] DEBUG:colcon.colcon_core.package_identification:Package 'trajectory_loader' with type 'ros.ament_cmake' and name 'trajectory_loader'
[0.631s] Level 1:colcon.colcon_core.package_discovery:discover_packages(recursive) using defaults
[0.631s] Level 1:colcon.colcon_core.package_discovery:discover_packages(ignore) discover
[0.631s] Level 1:colcon.colcon_core.package_discovery:discover_packages(ignore) using defaults
[0.631s] Level 1:colcon.colcon_core.package_discovery:discover_packages(path) discover
[0.631s] Level 1:colcon.colcon_core.package_discovery:discover_packages(path) using defaults
[0.686s] Level 1:colcon.colcon_core.package_discovery:discover_packages(prefix_path) check parameters
[0.686s] Level 1:colcon.colcon_core.package_discovery:discover_packages(prefix_path) discover
[0.713s] DEBUG:colcon.colcon_installed_package_information.package_discovery:Found 69 installed packages in /home/gino/projects/kuka_cell_ws/install
[0.721s] DEBUG:colcon.colcon_installed_package_information.package_discovery:Found 21 installed packages in /home/gino/projects/ros2_ws/install
[0.729s] DEBUG:colcon.colcon_installed_package_information.package_discovery:Found 372 installed packages in /opt/ros/humble
[0.730s] Level 1:colcon.colcon_core.package_discovery:discover_packages(prefix_path) using defaults
[0.822s] Level 5:colcon.colcon_core.verb:set package 'trajectory_loader' build argument 'cmake_args' from command line to 'None'
[0.822s] Level 5:colcon.colcon_core.verb:set package 'trajectory_loader' build argument 'cmake_target' from command line to 'None'
[0.822s] Level 5:colcon.colcon_core.verb:set package 'trajectory_loader' build argument 'cmake_target_skip_unavailable' from command line to 'False'
[0.822s] Level 5:colcon.colcon_core.verb:set package 'trajectory_loader' build argument 'cmake_clean_cache' from command line to 'False'
[0.822s] Level 5:colcon.colcon_core.verb:set package 'trajectory_loader' build argument 'cmake_clean_first' from command line to 'False'
[0.822s] Level 5:colcon.colcon_core.verb:set package 'trajectory_loader' build argument 'cmake_force_configure' from command line to 'False'
[0.822s] Level 5:colcon.colcon_core.verb:set package 'trajectory_loader' build argument 'ament_cmake_args' from command line to 'None'
[0.822s] Level 5:colcon.colcon_core.verb:set package 'trajectory_loader' build argument 'catkin_cmake_args' from command line to 'None'
[0.822s] Level 5:colcon.colcon_core.verb:set package 'trajectory_loader' build argument 'catkin_skip_building_tests' from command line to 'False'
[0.822s] DEBUG:colcon.colcon_core.verb:Building package 'trajectory_loader' with the following arguments: {'ament_cmake_args': None, 'build_base': '/home/gino/projects/kuka_cell_ws/src/ros2_move_to/build/trajectory_loader', 'catkin_cmake_args': None, 'catkin_skip_building_tests': False, 'cmake_args': None, 'cmake_clean_cache': False, 'cmake_clean_first': False, 'cmake_force_configure': False, 'cmake_target': None, 'cmake_target_skip_unavailable': False, 'install_base': '/home/gino/projects/kuka_cell_ws/src/ros2_move_to/install/trajectory_loader', 'merge_install': False, 'path': '/home/gino/projects/kuka_cell_ws/src/ros2_move_to/trajectory_loader', 'symlink_install': True, 'test_result_base': None}
[0.829s] INFO:colcon.colcon_core.executor:Executing jobs using 'parallel' executor
[0.837s] DEBUG:colcon.colcon_parallel_executor.executor.parallel:run_until_complete
[0.837s] INFO:colcon.colcon_ros.task.ament_cmake.build:Building ROS package in '/home/gino/projects/kuka_cell_ws/src/ros2_move_to/trajectory_loader' with build type 'ament_cmake'
[0.837s] INFO:colcon.colcon_cmake.task.cmake.build:Building CMake package in '/home/gino/projects/kuka_cell_ws/src/ros2_move_to/trajectory_loader'
[0.846s] INFO:colcon.colcon_core.plugin_system:Skipping extension 'colcon_core.shell.bat': Not used on non-Windows systems
[0.846s] INFO:colcon.colcon_core.shell:Skip shell extension 'powershell' for command environment: Not usable outside of PowerShell
[0.846s] DEBUG:colcon.colcon_core.shell:Skip shell extension 'dsv' for command environment
[0.883s] DEBUG:colcon.colcon_core.event_handler.log_command:Invoking command in '/home/gino/projects/kuka_cell_ws/src/ros2_move_to/build/trajectory_loader': CMAKE_PREFIX_PATH=${CMAKE_PREFIX_PATH}:/home/gino/projects/ros2_ws/install/easy_handeye2_demo:/home/gino/projects/ros2_ws/install/easy_handeye2:/home/gino/projects/kuka_cell_ws/install/rqt_joint_trajectory_controller:/home/gino/projects/kuka_cell_ws/install/ros2_controllers_test_nodes:/opt/ros/humble /home/gino/.local/bin/cmake /home/gino/projects/kuka_cell_ws/src/ros2_move_to/trajectory_loader -DAMENT_CMAKE_SYMLINK_INSTALL=1 -DCMAKE_INSTALL_PREFIX=/home/gino/projects/kuka_cell_ws/src/ros2_move_to/install/trajectory_loader
[4.780s] DEBUG:colcon.colcon_core.event_handler.log_command:Invoked command in '/home/gino/projects/kuka_cell_ws/src/ros2_move_to/build/trajectory_loader' returned '0': CMAKE_PREFIX_PATH=${CMAKE_PREFIX_PATH}:/home/gino/projects/ros2_ws/install/easy_handeye2_demo:/home/gino/projects/ros2_ws/install/easy_handeye2:/home/gino/projects/kuka_cell_ws/install/rqt_joint_trajectory_controller:/home/gino/projects/kuka_cell_ws/install/ros2_controllers_test_nodes:/opt/ros/humble /home/gino/.local/bin/cmake /home/gino/projects/kuka_cell_ws/src/ros2_move_to/trajectory_loader -DAMENT_CMAKE_SYMLINK_INSTALL=1 -DCMAKE_INSTALL_PREFIX=/home/gino/projects/kuka_cell_ws/src/ros2_move_to/install/trajectory_loader
[4.781s] DEBUG:colcon.colcon_core.event_handler.log_command:Invoking command in '/home/gino/projects/kuka_cell_ws/src/ros2_move_to/build/trajectory_loader': CMAKE_PREFIX_PATH=${CMAKE_PREFIX_PATH}:/home/gino/projects/ros2_ws/install/easy_handeye2_demo:/home/gino/projects/ros2_ws/install/easy_handeye2:/home/gino/projects/kuka_cell_ws/install/rqt_joint_trajectory_controller:/home/gino/projects/kuka_cell_ws/install/ros2_controllers_test_nodes:/opt/ros/humble /home/gino/.local/bin/cmake --build /home/gino/projects/kuka_cell_ws/src/ros2_move_to/build/trajectory_loader -- -j20 -l20
[12.426s] DEBUG:colcon.colcon_core.event_handler.log_command:Invoked command in '/home/gino/projects/kuka_cell_ws/src/ros2_move_to/build/trajectory_loader' returned '0': CMAKE_PREFIX_PATH=${CMAKE_PREFIX_PATH}:/home/gino/projects/ros2_ws/install/easy_handeye2_demo:/home/gino/projects/ros2_ws/install/easy_handeye2:/home/gino/projects/kuka_cell_ws/install/rqt_joint_trajectory_controller:/home/gino/projects/kuka_cell_ws/install/ros2_controllers_test_nodes:/opt/ros/humble /home/gino/.local/bin/cmake --build /home/gino/projects/kuka_cell_ws/src/ros2_move_to/build/trajectory_loader -- -j20 -l20
[12.537s] DEBUG:colcon.colcon_core.event_handler.log_command:Invoking command in '/home/gino/projects/kuka_cell_ws/src/ros2_move_to/build/trajectory_loader': CMAKE_PREFIX_PATH=${CMAKE_PREFIX_PATH}:/home/gino/projects/ros2_ws/install/easy_handeye2_demo:/home/gino/projects/ros2_ws/install/easy_handeye2:/home/gino/projects/kuka_cell_ws/install/rqt_joint_trajectory_controller:/home/gino/projects/kuka_cell_ws/install/ros2_controllers_test_nodes:/opt/ros/humble /home/gino/.local/bin/cmake --install /home/gino/projects/kuka_cell_ws/src/ros2_move_to/build/trajectory_loader
[12.724s] Level 1:colcon.colcon_core.environment:create_environment_scripts_only(trajectory_loader)
[12.724s] DEBUG:colcon.colcon_core.event_handler.log_command:Invoked command in '/home/gino/projects/kuka_cell_ws/src/ros2_move_to/build/trajectory_loader' returned '0': CMAKE_PREFIX_PATH=${CMAKE_PREFIX_PATH}:/home/gino/projects/ros2_ws/install/easy_handeye2_demo:/home/gino/projects/ros2_ws/install/easy_handeye2:/home/gino/projects/kuka_cell_ws/install/rqt_joint_trajectory_controller:/home/gino/projects/kuka_cell_ws/install/ros2_controllers_test_nodes:/opt/ros/humble /home/gino/.local/bin/cmake --install /home/gino/projects/kuka_cell_ws/src/ros2_move_to/build/trajectory_loader
[12.736s] Level 1:colcon.colcon_core.environment:checking '/home/gino/projects/kuka_cell_ws/src/ros2_move_to/install/trajectory_loader' for CMake module files
[12.736s] Level 1:colcon.colcon_core.environment:checking '/home/gino/projects/kuka_cell_ws/src/ros2_move_to/install/trajectory_loader' for CMake config files
[12.736s] Level 1:colcon.colcon_core.shell:create_environment_hook('trajectory_loader', 'cmake_prefix_path')
[12.744s] INFO:colcon.colcon_core.shell:Creating environment hook '/home/gino/projects/kuka_cell_ws/src/ros2_move_to/install/trajectory_loader/share/trajectory_loader/hook/cmake_prefix_path.ps1'
[12.744s] INFO:colcon.colcon_core.shell:Creating environment descriptor '/home/gino/projects/kuka_cell_ws/src/ros2_move_to/install/trajectory_loader/share/trajectory_loader/hook/cmake_prefix_path.dsv'
[12.744s] INFO:colcon.colcon_core.shell:Creating environment hook '/home/gino/projects/kuka_cell_ws/src/ros2_move_to/install/trajectory_loader/share/trajectory_loader/hook/cmake_prefix_path.sh'
[12.745s] Level 1:colcon.colcon_core.environment:checking '/home/gino/projects/kuka_cell_ws/src/ros2_move_to/install/trajectory_loader/lib'
[12.745s] Level 1:colcon.colcon_core.shell:create_environment_hook('trajectory_loader', 'ld_library_path_lib')
[12.752s] INFO:colcon.colcon_core.shell:Creating environment hook '/home/gino/projects/kuka_cell_ws/src/ros2_move_to/install/trajectory_loader/share/trajectory_loader/hook/ld_library_path_lib.ps1'
[12.752s] INFO:colcon.colcon_core.shell:Creating environment descriptor '/home/gino/projects/kuka_cell_ws/src/ros2_move_to/install/trajectory_loader/share/trajectory_loader/hook/ld_library_path_lib.dsv'
[12.752s] INFO:colcon.colcon_core.shell:Creating environment hook '/home/gino/projects/kuka_cell_ws/src/ros2_move_to/install/trajectory_loader/share/trajectory_loader/hook/ld_library_path_lib.sh'
[12.752s] Level 1:colcon.colcon_core.environment:checking '/home/gino/projects/kuka_cell_ws/src/ros2_move_to/install/trajectory_loader/bin'
[12.752s] Level 1:colcon.colcon_core.environment:checking '/home/gino/projects/kuka_cell_ws/src/ros2_move_to/install/trajectory_loader/lib/pkgconfig/trajectory_loader.pc'
[12.753s] Level 1:colcon.colcon_core.environment:checking '/home/gino/projects/kuka_cell_ws/src/ros2_move_to/install/trajectory_loader/lib/python3.10/site-packages'
[12.753s] Level 1:colcon.colcon_core.environment:checking '/home/gino/projects/kuka_cell_ws/src/ros2_move_to/install/trajectory_loader/bin'
[12.760s] INFO:colcon.colcon_core.shell:Creating package script '/home/gino/projects/kuka_cell_ws/src/ros2_move_to/install/trajectory_loader/share/trajectory_loader/package.ps1'
[12.760s] INFO:colcon.colcon_core.shell:Creating package descriptor '/home/gino/projects/kuka_cell_ws/src/ros2_move_to/install/trajectory_loader/share/trajectory_loader/package.dsv'
[12.761s] INFO:colcon.colcon_core.shell:Creating package script '/home/gino/projects/kuka_cell_ws/src/ros2_move_to/install/trajectory_loader/share/trajectory_loader/package.sh'
[12.761s] INFO:colcon.colcon_core.shell:Creating package script '/home/gino/projects/kuka_cell_ws/src/ros2_move_to/install/trajectory_loader/share/trajectory_loader/package.bash'
[12.761s] INFO:colcon.colcon_core.shell:Creating package script '/home/gino/projects/kuka_cell_ws/src/ros2_move_to/install/trajectory_loader/share/trajectory_loader/package.zsh'
[12.761s] Level 1:colcon.colcon_core.environment:create_file_with_runtime_dependencies(/home/gino/projects/kuka_cell_ws/src/ros2_move_to/install/trajectory_loader/share/colcon-core/packages/trajectory_loader)
[12.859s] Level 1:colcon.colcon_core.environment:create_environment_scripts_only(trajectory_loader)
[12.867s] Level 1:colcon.colcon_core.environment:checking '/home/gino/projects/kuka_cell_ws/src/ros2_move_to/install/trajectory_loader' for CMake module files
[12.867s] Level 1:colcon.colcon_core.environment:checking '/home/gino/projects/kuka_cell_ws/src/ros2_move_to/install/trajectory_loader' for CMake config files
[12.868s] Level 1:colcon.colcon_core.shell:create_environment_hook('trajectory_loader', 'cmake_prefix_path')
[12.875s] INFO:colcon.colcon_core.shell:Creating environment hook '/home/gino/projects/kuka_cell_ws/src/ros2_move_to/install/trajectory_loader/share/trajectory_loader/hook/cmake_prefix_path.ps1'
[12.875s] INFO:colcon.colcon_core.shell:Creating environment descriptor '/home/gino/projects/kuka_cell_ws/src/ros2_move_to/install/trajectory_loader/share/trajectory_loader/hook/cmake_prefix_path.dsv'
[12.875s] INFO:colcon.colcon_core.shell:Creating environment hook '/home/gino/projects/kuka_cell_ws/src/ros2_move_to/install/trajectory_loader/share/trajectory_loader/hook/cmake_prefix_path.sh'
[12.875s] Level 1:colcon.colcon_core.environment:checking '/home/gino/projects/kuka_cell_ws/src/ros2_move_to/install/trajectory_loader/lib'
[12.875s] Level 1:colcon.colcon_core.shell:create_environment_hook('trajectory_loader', 'ld_library_path_lib')
[12.883s] INFO:colcon.colcon_core.shell:Creating environment hook '/home/gino/projects/kuka_cell_ws/src/ros2_move_to/install/trajectory_loader/share/trajectory_loader/hook/ld_library_path_lib.ps1'
[12.883s] INFO:colcon.colcon_core.shell:Creating environment descriptor '/home/gino/projects/kuka_cell_ws/src/ros2_move_to/install/trajectory_loader/share/trajectory_loader/hook/ld_library_path_lib.dsv'
[12.883s] INFO:colcon.colcon_core.shell:Creating environment hook '/home/gino/projects/kuka_cell_ws/src/ros2_move_to/install/trajectory_loader/share/trajectory_loader/hook/ld_library_path_lib.sh'
[12.883s] Level 1:colcon.colcon_core.environment:checking '/home/gino/projects/kuka_cell_ws/src/ros2_move_to/install/trajectory_loader/bin'
[12.883s] Level 1:colcon.colcon_core.environment:checking '/home/gino/projects/kuka_cell_ws/src/ros2_move_to/install/trajectory_loader/lib/pkgconfig/trajectory_loader.pc'
[12.883s] Level 1:colcon.colcon_core.environment:checking '/home/gino/projects/kuka_cell_ws/src/ros2_move_to/install/trajectory_loader/lib/python3.10/site-packages'
[12.883s] Level 1:colcon.colcon_core.environment:checking '/home/gino/projects/kuka_cell_ws/src/ros2_move_to/install/trajectory_loader/bin'
[12.890s] INFO:colcon.colcon_core.shell:Creating package script '/home/gino/projects/kuka_cell_ws/src/ros2_move_to/install/trajectory_loader/share/trajectory_loader/package.ps1'
[12.891s] INFO:colcon.colcon_core.shell:Creating package descriptor '/home/gino/projects/kuka_cell_ws/src/ros2_move_to/install/trajectory_loader/share/trajectory_loader/package.dsv'
[12.891s] INFO:colcon.colcon_core.shell:Creating package script '/home/gino/projects/kuka_cell_ws/src/ros2_move_to/install/trajectory_loader/share/trajectory_loader/package.sh'
[12.891s] INFO:colcon.colcon_core.shell:Creating package script '/home/gino/projects/kuka_cell_ws/src/ros2_move_to/install/trajectory_loader/share/trajectory_loader/package.bash'
[12.891s] INFO:colcon.colcon_core.shell:Creating package script '/home/gino/projects/kuka_cell_ws/src/ros2_move_to/install/trajectory_loader/share/trajectory_loader/package.zsh'
[12.891s] Level 1:colcon.colcon_core.environment:create_file_with_runtime_dependencies(/home/gino/projects/kuka_cell_ws/src/ros2_move_to/install/trajectory_loader/share/colcon-core/packages/trajectory_loader)
[12.891s] DEBUG:colcon.colcon_parallel_executor.executor.parallel:closing loop
[12.892s] DEBUG:colcon.colcon_parallel_executor.executor.parallel:loop closed
[12.892s] DEBUG:colcon.colcon_parallel_executor.executor.parallel:run_until_complete finished with '0'
[12.892s] DEBUG:colcon.colcon_core.event_reactor:joining thread
[12.904s] INFO:colcon.colcon_core.plugin_system:Skipping extension 'colcon_notification.desktop_notification.terminal_notifier': Not used on non-Darwin systems
[12.904s] INFO:colcon.colcon_core.plugin_system:Skipping extension 'colcon_notification.desktop_notification.win32': Not used on non-Windows systems
[12.904s] INFO:colcon.colcon_notification.desktop_notification:Sending desktop notification using 'notify2'
[12.915s] DEBUG:colcon.colcon_core.event_reactor:joined thread
[12.923s] INFO:colcon.colcon_core.shell:Creating prefix script '/home/gino/projects/kuka_cell_ws/src/ros2_move_to/install/local_setup.ps1'
[12.924s] INFO:colcon.colcon_core.shell:Creating prefix util module '/home/gino/projects/kuka_cell_ws/src/ros2_move_to/install/_local_setup_util_ps1.py'
[12.924s] INFO:colcon.colcon_core.shell:Creating prefix chain script '/home/gino/projects/kuka_cell_ws/src/ros2_move_to/install/setup.ps1'
[12.934s] INFO:colcon.colcon_core.shell:Creating prefix script '/home/gino/projects/kuka_cell_ws/src/ros2_move_to/install/local_setup.sh'
[12.934s] INFO:colcon.colcon_core.shell:Creating prefix util module '/home/gino/projects/kuka_cell_ws/src/ros2_move_to/install/_local_setup_util_sh.py'
[12.934s] INFO:colcon.colcon_core.shell:Creating prefix chain script '/home/gino/projects/kuka_cell_ws/src/ros2_move_to/install/setup.sh'
[12.943s] INFO:colcon.colcon_core.shell:Creating prefix script '/home/gino/projects/kuka_cell_ws/src/ros2_move_to/install/local_setup.bash'
[12.944s] INFO:colcon.colcon_core.shell:Creating prefix chain script '/home/gino/projects/kuka_cell_ws/src/ros2_move_to/install/setup.bash'
[12.953s] INFO:colcon.colcon_core.shell:Creating prefix script '/home/gino/projects/kuka_cell_ws/src/ros2_move_to/install/local_setup.zsh'
[12.953s] INFO:colcon.colcon_core.shell:Creating prefix chain script '/home/gino/projects/kuka_cell_ws/src/ros2_move_to/install/setup.zsh'
